{"C:\\Users\\felip\\Documents\\Proyectos\\Challenge - NodeJS\\src\\db\\knexfile.js": {"path":"C:\\Users\\felip\\Documents\\Proyectos\\Challenge - NodeJS\\src\\db\\knexfile.js","statementMap":{"0":{"start":{"line":1,"column":0},"end":{"line":8,"column":2}}},"fnMap":{},"branchMap":{},"s":{"0":2},"f":{},"b":{},"_coverageSchema":"1a1c01bbd47fc00a2c39e90264f33305004495a9","hash":"52073ab0c0b8095293a792b032e35d8c77c53614"}
,"C:\\Users\\felip\\Documents\\Proyectos\\Challenge - NodeJS\\src\\models\\Movie.js": {"path":"C:\\Users\\felip\\Documents\\Proyectos\\Challenge - NodeJS\\src\\models\\Movie.js","statementMap":{"0":{"start":{"line":1,"column":18},"end":{"line":1,"column":38}},"1":{"start":{"line":2,"column":14},"end":{"line":2,"column":36}},"2":{"start":{"line":7,"column":23},"end":{"line":7,"column":30}},"3":{"start":{"line":10,"column":8},"end":{"line":19,"column":9}},"4":{"start":{"line":23,"column":8},"end":{"line":23,"column":49}},"5":{"start":{"line":27,"column":20},"end":{"line":39,"column":5}},"6":{"start":{"line":29,"column":40},"end":{"line":29,"column":99}},"7":{"start":{"line":31,"column":8},"end":{"line":37,"column":9}},"8":{"start":{"line":32,"column":29},"end":{"line":35,"column":14}},"9":{"start":{"line":36,"column":12},"end":{"line":36,"column":28}},"10":{"start":{"line":38,"column":8},"end":{"line":38,"column":25}},"11":{"start":{"line":42,"column":41},"end":{"line":44,"column":5}},"12":{"start":{"line":43,"column":8},"end":{"line":43,"column":104}},"13":{"start":{"line":47,"column":29},"end":{"line":63,"column":5}},"14":{"start":{"line":49,"column":31},"end":{"line":49,"column":80}},"15":{"start":{"line":51,"column":33},"end":{"line":51,"column":44}},"16":{"start":{"line":52,"column":27},"end":{"line":52,"column":38}},"17":{"start":{"line":53,"column":8},"end":{"line":61,"column":9}},"18":{"start":{"line":54,"column":12},"end":{"line":57,"column":16}},"19":{"start":{"line":55,"column":31},"end":{"line":55,"column":99}},"20":{"start":{"line":56,"column":16},"end":{"line":56,"column":50}},"21":{"start":{"line":59,"column":33},"end":{"line":59,"column":88}},"22":{"start":{"line":60,"column":12},"end":{"line":60,"column":74}},"23":{"start":{"line":62,"column":8},"end":{"line":62,"column":28}},"24":{"start":{"line":66,"column":33},"end":{"line":74,"column":5}},"25":{"start":{"line":68,"column":23},"end":{"line":68,"column":70}},"26":{"start":{"line":70,"column":25},"end":{"line":70,"column":46}},"27":{"start":{"line":71,"column":21},"end":{"line":71,"column":42}},"28":{"start":{"line":72,"column":8},"end":{"line":72,"column":20}},"29":{"start":{"line":78,"column":30},"end":{"line":92,"column":5}},"30":{"start":{"line":80,"column":23},"end":{"line":80,"column":36}},"31":{"start":{"line":81,"column":8},"end":{"line":85,"column":9}},"32":{"start":{"line":82,"column":12},"end":{"line":82,"column":81}},"33":{"start":{"line":84,"column":12},"end":{"line":84,"column":65}},"34":{"start":{"line":87,"column":25},"end":{"line":87,"column":46}},"35":{"start":{"line":88,"column":21},"end":{"line":88,"column":42}},"36":{"start":{"line":89,"column":29},"end":{"line":89,"column":66}},"37":{"start":{"line":90,"column":29},"end":{"line":90,"column":63}},"38":{"start":{"line":91,"column":8},"end":{"line":91,"column":28}},"39":{"start":{"line":95,"column":31},"end":{"line":106,"column":5}},"40":{"start":{"line":97,"column":8},"end":{"line":104,"column":11}},"41":{"start":{"line":98,"column":24},"end":{"line":98,"column":64}},"42":{"start":{"line":99,"column":12},"end":{"line":103,"column":13}},"43":{"start":{"line":100,"column":16},"end":{"line":100,"column":54}},"44":{"start":{"line":102,"column":16},"end":{"line":102,"column":46}},"45":{"start":{"line":105,"column":8},"end":{"line":105,"column":22}},"46":{"start":{"line":109,"column":28},"end":{"line":116,"column":5}},"47":{"start":{"line":111,"column":8},"end":{"line":115,"column":9}},"48":{"start":{"line":112,"column":12},"end":{"line":112,"column":113}},"49":{"start":{"line":112,"column":49},"end":{"line":112,"column":109}},"50":{"start":{"line":114,"column":12},"end":{"line":114,"column":97}},"51":{"start":{"line":114,"column":49},"end":{"line":114,"column":93}},"52":{"start":{"line":120,"column":0},"end":{"line":120,"column":23}}},"fnMap":{"0":{"name":"(anonymous_0)","decl":{"start":{"line":9,"column":4},"end":{"line":9,"column":5}},"loc":{"start":{"line":9,"column":28},"end":{"line":20,"column":5}},"line":9},"1":{"name":"(anonymous_1)","decl":{"start":{"line":22,"column":4},"end":{"line":22,"column":5}},"loc":{"start":{"line":22,"column":20},"end":{"line":24,"column":5}},"line":22},"2":{"name":"(anonymous_2)","decl":{"start":{"line":27,"column":20},"end":{"line":27,"column":21}},"loc":{"start":{"line":27,"column":50},"end":{"line":39,"column":5}},"line":27},"3":{"name":"(anonymous_3)","decl":{"start":{"line":42,"column":41},"end":{"line":42,"column":42}},"loc":{"start":{"line":42,"column":71},"end":{"line":44,"column":5}},"line":42},"4":{"name":"(anonymous_4)","decl":{"start":{"line":47,"column":29},"end":{"line":47,"column":30}},"loc":{"start":{"line":47,"column":64},"end":{"line":63,"column":5}},"line":47},"5":{"name":"(anonymous_5)","decl":{"start":{"line":54,"column":49},"end":{"line":54,"column":50}},"loc":{"start":{"line":54,"column":64},"end":{"line":57,"column":13}},"line":54},"6":{"name":"(anonymous_6)","decl":{"start":{"line":66,"column":33},"end":{"line":66,"column":34}},"loc":{"start":{"line":66,"column":69},"end":{"line":74,"column":5}},"line":66},"7":{"name":"(anonymous_7)","decl":{"start":{"line":78,"column":30},"end":{"line":78,"column":31}},"loc":{"start":{"line":78,"column":78},"end":{"line":92,"column":5}},"line":78},"8":{"name":"(anonymous_8)","decl":{"start":{"line":95,"column":31},"end":{"line":95,"column":32}},"loc":{"start":{"line":95,"column":54},"end":{"line":106,"column":5}},"line":95},"9":{"name":"(anonymous_9)","decl":{"start":{"line":97,"column":19},"end":{"line":97,"column":20}},"loc":{"start":{"line":97,"column":30},"end":{"line":104,"column":9}},"line":97},"10":{"name":"(anonymous_10)","decl":{"start":{"line":109,"column":28},"end":{"line":109,"column":29}},"loc":{"start":{"line":109,"column":51},"end":{"line":116,"column":5}},"line":109},"11":{"name":"(anonymous_11)","decl":{"start":{"line":112,"column":31},"end":{"line":112,"column":32}},"loc":{"start":{"line":112,"column":47},"end":{"line":112,"column":111}},"line":112},"12":{"name":"(anonymous_12)","decl":{"start":{"line":114,"column":31},"end":{"line":114,"column":32}},"loc":{"start":{"line":114,"column":47},"end":{"line":114,"column":95}},"line":114}},"branchMap":{"0":{"loc":{"start":{"line":31,"column":8},"end":{"line":37,"column":9}},"type":"if","locations":[{"start":{"line":31,"column":8},"end":{"line":37,"column":9}},{"start":{},"end":{}}],"line":31},"1":{"loc":{"start":{"line":53,"column":8},"end":{"line":61,"column":9}},"type":"if","locations":[{"start":{"line":53,"column":8},"end":{"line":61,"column":9}},{"start":{},"end":{}}],"line":53},"2":{"loc":{"start":{"line":78,"column":54},"end":{"line":78,"column":73}},"type":"default-arg","locations":[{"start":{"line":78,"column":64},"end":{"line":78,"column":73}}],"line":78},"3":{"loc":{"start":{"line":81,"column":8},"end":{"line":85,"column":9}},"type":"if","locations":[{"start":{"line":81,"column":8},"end":{"line":85,"column":9}},{"start":{"line":83,"column":15},"end":{"line":85,"column":9}}],"line":81},"4":{"loc":{"start":{"line":95,"column":40},"end":{"line":95,"column":49}},"type":"default-arg","locations":[{"start":{"line":95,"column":47},"end":{"line":95,"column":49}}],"line":95},"5":{"loc":{"start":{"line":99,"column":12},"end":{"line":103,"column":13}},"type":"if","locations":[{"start":{"line":99,"column":12},"end":{"line":103,"column":13}},{"start":{"line":101,"column":19},"end":{"line":103,"column":13}}],"line":99},"6":{"loc":{"start":{"line":109,"column":37},"end":{"line":109,"column":46}},"type":"default-arg","locations":[{"start":{"line":109,"column":44},"end":{"line":109,"column":46}}],"line":109},"7":{"loc":{"start":{"line":111,"column":8},"end":{"line":115,"column":9}},"type":"if","locations":[{"start":{"line":111,"column":8},"end":{"line":115,"column":9}},{"start":{"line":113,"column":15},"end":{"line":115,"column":9}}],"line":111}},"s":{"0":3,"1":3,"2":3,"3":0,"4":0,"5":3,"6":2,"7":0,"8":0,"9":0,"10":0,"11":3,"12":2,"13":3,"14":0,"15":0,"16":0,"17":0,"18":0,"19":0,"20":0,"21":0,"22":0,"23":0,"24":3,"25":0,"26":0,"27":0,"28":0,"29":3,"30":0,"31":0,"32":0,"33":0,"34":0,"35":0,"36":0,"37":0,"38":0,"39":3,"40":2,"41":2,"42":2,"43":1,"44":1,"45":2,"46":3,"47":2,"48":1,"49":4,"50":1,"51":4,"52":3},"f":{"0":0,"1":0,"2":2,"3":2,"4":0,"5":0,"6":0,"7":0,"8":2,"9":2,"10":2,"11":4,"12":4},"b":{"0":[0,0],"1":[0,0],"2":[0],"3":[0,0],"4":[1],"5":[1,1],"6":[1],"7":[1,1]},"_coverageSchema":"1a1c01bbd47fc00a2c39e90264f33305004495a9","hash":"013d4a7ef0fb181473d8c4d4a745c467c1918fb9"}
,"C:\\Users\\felip\\Documents\\Proyectos\\Challenge - NodeJS\\src\\models\\User.js": {"path":"C:\\Users\\felip\\Documents\\Proyectos\\Challenge - NodeJS\\src\\models\\User.js","statementMap":{"0":{"start":{"line":1,"column":18},"end":{"line":1,"column":38}},"1":{"start":{"line":2,"column":15},"end":{"line":2,"column":32}},"2":{"start":{"line":7,"column":23},"end":{"line":7,"column":29}},"3":{"start":{"line":10,"column":8},"end":{"line":20,"column":9}},"4":{"start":{"line":24,"column":20},"end":{"line":34,"column":5}},"5":{"start":{"line":25,"column":8},"end":{"line":25,"column":51}},"6":{"start":{"line":26,"column":24},"end":{"line":31,"column":10}},"7":{"start":{"line":33,"column":8},"end":{"line":33,"column":23}},"8":{"start":{"line":37,"column":29},"end":{"line":42,"column":5}},"9":{"start":{"line":38,"column":27},"end":{"line":40,"column":10}},"10":{"start":{"line":41,"column":8},"end":{"line":41,"column":28}},"11":{"start":{"line":45,"column":26},"end":{"line":84,"column":5}},"12":{"start":{"line":48,"column":12},"end":{"line":48,"column":165}},"13":{"start":{"line":49,"column":25},"end":{"line":49,"column":29}},"14":{"start":{"line":50,"column":29},"end":{"line":50,"column":33}},"15":{"start":{"line":51,"column":28},"end":{"line":51,"column":32}},"16":{"start":{"line":52,"column":20},"end":{"line":52,"column":25}},"17":{"start":{"line":53,"column":32},"end":{"line":53,"column":34}},"18":{"start":{"line":55,"column":8},"end":{"line":58,"column":9}},"19":{"start":{"line":56,"column":12},"end":{"line":56,"column":31}},"20":{"start":{"line":57,"column":12},"end":{"line":57,"column":71}},"21":{"start":{"line":60,"column":8},"end":{"line":63,"column":9}},"22":{"start":{"line":61,"column":12},"end":{"line":61,"column":31}},"23":{"start":{"line":62,"column":12},"end":{"line":62,"column":92}},"24":{"start":{"line":65,"column":8},"end":{"line":70,"column":9}},"25":{"start":{"line":66,"column":12},"end":{"line":69,"column":13}},"26":{"start":{"line":67,"column":16},"end":{"line":67,"column":39}},"27":{"start":{"line":68,"column":16},"end":{"line":68,"column":79}},"28":{"start":{"line":72,"column":8},"end":{"line":77,"column":9}},"29":{"start":{"line":73,"column":12},"end":{"line":76,"column":13}},"30":{"start":{"line":74,"column":16},"end":{"line":74,"column":38}},"31":{"start":{"line":75,"column":16},"end":{"line":75,"column":78}},"32":{"start":{"line":79,"column":8},"end":{"line":81,"column":9}},"33":{"start":{"line":80,"column":12},"end":{"line":80,"column":25}},"34":{"start":{"line":83,"column":8},"end":{"line":83,"column":44}},"35":{"start":{"line":87,"column":0},"end":{"line":87,"column":22}}},"fnMap":{"0":{"name":"(anonymous_0)","decl":{"start":{"line":9,"column":4},"end":{"line":9,"column":5}},"loc":{"start":{"line":9,"column":28},"end":{"line":21,"column":5}},"line":9},"1":{"name":"(anonymous_1)","decl":{"start":{"line":24,"column":20},"end":{"line":24,"column":21}},"loc":{"start":{"line":24,"column":68},"end":{"line":34,"column":5}},"line":24},"2":{"name":"(anonymous_2)","decl":{"start":{"line":37,"column":29},"end":{"line":37,"column":30}},"loc":{"start":{"line":37,"column":50},"end":{"line":42,"column":5}},"line":37},"3":{"name":"(anonymous_3)","decl":{"start":{"line":45,"column":26},"end":{"line":45,"column":27}},"loc":{"start":{"line":45,"column":82},"end":{"line":84,"column":5}},"line":45}},"branchMap":{"0":{"loc":{"start":{"line":45,"column":34},"end":{"line":45,"column":55}},"type":"default-arg","locations":[{"start":{"line":45,"column":46},"end":{"line":45,"column":55}}],"line":45},"1":{"loc":{"start":{"line":45,"column":57},"end":{"line":45,"column":77}},"type":"default-arg","locations":[{"start":{"line":45,"column":68},"end":{"line":45,"column":77}}],"line":45},"2":{"loc":{"start":{"line":55,"column":8},"end":{"line":58,"column":9}},"type":"if","locations":[{"start":{"line":55,"column":8},"end":{"line":58,"column":9}},{"start":{},"end":{}}],"line":55},"3":{"loc":{"start":{"line":60,"column":8},"end":{"line":63,"column":9}},"type":"if","locations":[{"start":{"line":60,"column":8},"end":{"line":63,"column":9}},{"start":{},"end":{}}],"line":60},"4":{"loc":{"start":{"line":65,"column":8},"end":{"line":70,"column":9}},"type":"if","locations":[{"start":{"line":65,"column":8},"end":{"line":70,"column":9}},{"start":{},"end":{}}],"line":65},"5":{"loc":{"start":{"line":66,"column":12},"end":{"line":69,"column":13}},"type":"if","locations":[{"start":{"line":66,"column":12},"end":{"line":69,"column":13}},{"start":{},"end":{}}],"line":66},"6":{"loc":{"start":{"line":72,"column":8},"end":{"line":77,"column":9}},"type":"if","locations":[{"start":{"line":72,"column":8},"end":{"line":77,"column":9}},{"start":{},"end":{}}],"line":72},"7":{"loc":{"start":{"line":73,"column":12},"end":{"line":76,"column":13}},"type":"if","locations":[{"start":{"line":73,"column":12},"end":{"line":76,"column":13}},{"start":{},"end":{}}],"line":73},"8":{"loc":{"start":{"line":79,"column":8},"end":{"line":81,"column":9}},"type":"if","locations":[{"start":{"line":79,"column":8},"end":{"line":81,"column":9}},{"start":{},"end":{}}],"line":79},"9":{"loc":{"start":{"line":79,"column":12},"end":{"line":79,"column":57}},"type":"binary-expr","locations":[{"start":{"line":79,"column":12},"end":{"line":79,"column":22}},{"start":{"line":79,"column":26},"end":{"line":79,"column":40}},{"start":{"line":79,"column":44},"end":{"line":79,"column":57}}],"line":79}},"s":{"0":1,"1":1,"2":1,"3":0,"4":1,"5":0,"6":0,"7":0,"8":1,"9":2,"10":0,"11":1,"12":2,"13":2,"14":2,"15":2,"16":2,"17":2,"18":2,"19":0,"20":0,"21":2,"22":0,"23":0,"24":2,"25":2,"26":0,"27":0,"28":2,"29":2,"30":1,"31":1,"32":2,"33":1,"34":2,"35":1},"f":{"0":0,"1":0,"2":2,"3":2},"b":{"0":[0],"1":[0],"2":[0,2],"3":[0,2],"4":[2,0],"5":[0,2],"6":[2,0],"7":[1,1],"8":[1,1],"9":[2,2,2]},"_coverageSchema":"1a1c01bbd47fc00a2c39e90264f33305004495a9","hash":"c5cea3822b2d71664beb2597f0518d2b6cd7ddaa"}
}
