{"C:\\Users\\felip\\Documents\\Proyectos\\Challenge - NodeJS\\src\\models\\Movie.js": {"path":"C:\\Users\\felip\\Documents\\Proyectos\\Challenge - NodeJS\\src\\models\\Movie.js","statementMap":{"0":{"start":{"line":1,"column":18},"end":{"line":1,"column":38}},"1":{"start":{"line":2,"column":14},"end":{"line":2,"column":36}},"2":{"start":{"line":7,"column":23},"end":{"line":7,"column":30}},"3":{"start":{"line":10,"column":8},"end":{"line":19,"column":9}},"4":{"start":{"line":23,"column":8},"end":{"line":23,"column":49}},"5":{"start":{"line":27,"column":20},"end":{"line":39,"column":5}},"6":{"start":{"line":29,"column":40},"end":{"line":29,"column":128}},"7":{"start":{"line":30,"column":8},"end":{"line":38,"column":9}},"8":{"start":{"line":31,"column":29},"end":{"line":34,"column":14}},"9":{"start":{"line":35,"column":12},"end":{"line":35,"column":28}},"10":{"start":{"line":37,"column":12},"end":{"line":37,"column":29}},"11":{"start":{"line":42,"column":29},"end":{"line":58,"column":5}},"12":{"start":{"line":44,"column":31},"end":{"line":44,"column":80}},"13":{"start":{"line":46,"column":33},"end":{"line":46,"column":44}},"14":{"start":{"line":47,"column":27},"end":{"line":47,"column":38}},"15":{"start":{"line":48,"column":8},"end":{"line":56,"column":9}},"16":{"start":{"line":49,"column":12},"end":{"line":52,"column":16}},"17":{"start":{"line":50,"column":31},"end":{"line":50,"column":99}},"18":{"start":{"line":51,"column":16},"end":{"line":51,"column":50}},"19":{"start":{"line":54,"column":33},"end":{"line":54,"column":88}},"20":{"start":{"line":55,"column":12},"end":{"line":55,"column":74}},"21":{"start":{"line":57,"column":8},"end":{"line":57,"column":28}},"22":{"start":{"line":61,"column":33},"end":{"line":72,"column":5}},"23":{"start":{"line":63,"column":23},"end":{"line":63,"column":70}},"24":{"start":{"line":64,"column":8},"end":{"line":71,"column":9}},"25":{"start":{"line":65,"column":29},"end":{"line":65,"column":50}},"26":{"start":{"line":66,"column":25},"end":{"line":66,"column":46}},"27":{"start":{"line":67,"column":12},"end":{"line":67,"column":24}},"28":{"start":{"line":70,"column":12},"end":{"line":70,"column":54}},"29":{"start":{"line":76,"column":30},"end":{"line":96,"column":5}},"30":{"start":{"line":78,"column":23},"end":{"line":78,"column":36}},"31":{"start":{"line":79,"column":8},"end":{"line":83,"column":9}},"32":{"start":{"line":80,"column":12},"end":{"line":80,"column":81}},"33":{"start":{"line":82,"column":12},"end":{"line":82,"column":65}},"34":{"start":{"line":85,"column":8},"end":{"line":94,"column":9}},"35":{"start":{"line":86,"column":29},"end":{"line":86,"column":50}},"36":{"start":{"line":87,"column":25},"end":{"line":87,"column":46}},"37":{"start":{"line":88,"column":33},"end":{"line":88,"column":70}},"38":{"start":{"line":89,"column":33},"end":{"line":89,"column":67}},"39":{"start":{"line":90,"column":12},"end":{"line":90,"column":32}},"40":{"start":{"line":93,"column":12},"end":{"line":93,"column":54}},"41":{"start":{"line":99,"column":31},"end":{"line":110,"column":5}},"42":{"start":{"line":101,"column":8},"end":{"line":108,"column":11}},"43":{"start":{"line":102,"column":24},"end":{"line":102,"column":64}},"44":{"start":{"line":103,"column":12},"end":{"line":107,"column":13}},"45":{"start":{"line":104,"column":16},"end":{"line":104,"column":54}},"46":{"start":{"line":106,"column":16},"end":{"line":106,"column":46}},"47":{"start":{"line":109,"column":8},"end":{"line":109,"column":22}},"48":{"start":{"line":113,"column":28},"end":{"line":120,"column":5}},"49":{"start":{"line":115,"column":8},"end":{"line":119,"column":9}},"50":{"start":{"line":116,"column":12},"end":{"line":116,"column":113}},"51":{"start":{"line":116,"column":49},"end":{"line":116,"column":109}},"52":{"start":{"line":118,"column":12},"end":{"line":118,"column":97}},"53":{"start":{"line":118,"column":49},"end":{"line":118,"column":93}},"54":{"start":{"line":124,"column":0},"end":{"line":124,"column":23}}},"fnMap":{"0":{"name":"(anonymous_0)","decl":{"start":{"line":9,"column":4},"end":{"line":9,"column":5}},"loc":{"start":{"line":9,"column":28},"end":{"line":20,"column":5}},"line":9},"1":{"name":"(anonymous_1)","decl":{"start":{"line":22,"column":4},"end":{"line":22,"column":5}},"loc":{"start":{"line":22,"column":20},"end":{"line":24,"column":5}},"line":22},"2":{"name":"(anonymous_2)","decl":{"start":{"line":27,"column":20},"end":{"line":27,"column":21}},"loc":{"start":{"line":27,"column":50},"end":{"line":39,"column":5}},"line":27},"3":{"name":"(anonymous_3)","decl":{"start":{"line":42,"column":29},"end":{"line":42,"column":30}},"loc":{"start":{"line":42,"column":64},"end":{"line":58,"column":5}},"line":42},"4":{"name":"(anonymous_4)","decl":{"start":{"line":49,"column":49},"end":{"line":49,"column":50}},"loc":{"start":{"line":49,"column":63},"end":{"line":52,"column":13}},"line":49},"5":{"name":"(anonymous_5)","decl":{"start":{"line":61,"column":33},"end":{"line":61,"column":34}},"loc":{"start":{"line":61,"column":69},"end":{"line":72,"column":5}},"line":61},"6":{"name":"(anonymous_6)","decl":{"start":{"line":76,"column":30},"end":{"line":76,"column":31}},"loc":{"start":{"line":76,"column":78},"end":{"line":96,"column":5}},"line":76},"7":{"name":"(anonymous_7)","decl":{"start":{"line":99,"column":31},"end":{"line":99,"column":32}},"loc":{"start":{"line":99,"column":54},"end":{"line":110,"column":5}},"line":99},"8":{"name":"(anonymous_8)","decl":{"start":{"line":101,"column":19},"end":{"line":101,"column":20}},"loc":{"start":{"line":101,"column":30},"end":{"line":108,"column":9}},"line":101},"9":{"name":"(anonymous_9)","decl":{"start":{"line":113,"column":28},"end":{"line":113,"column":29}},"loc":{"start":{"line":113,"column":51},"end":{"line":120,"column":5}},"line":113},"10":{"name":"(anonymous_10)","decl":{"start":{"line":116,"column":31},"end":{"line":116,"column":32}},"loc":{"start":{"line":116,"column":47},"end":{"line":116,"column":111}},"line":116},"11":{"name":"(anonymous_11)","decl":{"start":{"line":118,"column":31},"end":{"line":118,"column":32}},"loc":{"start":{"line":118,"column":47},"end":{"line":118,"column":95}},"line":118}},"branchMap":{"0":{"loc":{"start":{"line":30,"column":8},"end":{"line":38,"column":9}},"type":"if","locations":[{"start":{"line":30,"column":8},"end":{"line":38,"column":9}},{"start":{"line":36,"column":15},"end":{"line":38,"column":9}}],"line":30},"1":{"loc":{"start":{"line":48,"column":8},"end":{"line":56,"column":9}},"type":"if","locations":[{"start":{"line":48,"column":8},"end":{"line":56,"column":9}},{"start":{},"end":{}}],"line":48},"2":{"loc":{"start":{"line":76,"column":54},"end":{"line":76,"column":73}},"type":"default-arg","locations":[{"start":{"line":76,"column":64},"end":{"line":76,"column":73}}],"line":76},"3":{"loc":{"start":{"line":79,"column":8},"end":{"line":83,"column":9}},"type":"if","locations":[{"start":{"line":79,"column":8},"end":{"line":83,"column":9}},{"start":{"line":81,"column":15},"end":{"line":83,"column":9}}],"line":79},"4":{"loc":{"start":{"line":99,"column":40},"end":{"line":99,"column":49}},"type":"default-arg","locations":[{"start":{"line":99,"column":47},"end":{"line":99,"column":49}}],"line":99},"5":{"loc":{"start":{"line":103,"column":12},"end":{"line":107,"column":13}},"type":"if","locations":[{"start":{"line":103,"column":12},"end":{"line":107,"column":13}},{"start":{"line":105,"column":19},"end":{"line":107,"column":13}}],"line":103},"6":{"loc":{"start":{"line":113,"column":37},"end":{"line":113,"column":46}},"type":"default-arg","locations":[{"start":{"line":113,"column":44},"end":{"line":113,"column":46}}],"line":113},"7":{"loc":{"start":{"line":115,"column":8},"end":{"line":119,"column":9}},"type":"if","locations":[{"start":{"line":115,"column":8},"end":{"line":119,"column":9}},{"start":{"line":117,"column":15},"end":{"line":119,"column":9}}],"line":115}},"s":{"0":2,"1":2,"2":2,"3":0,"4":0,"5":2,"6":0,"7":0,"8":0,"9":0,"10":0,"11":2,"12":0,"13":0,"14":0,"15":0,"16":0,"17":0,"18":0,"19":0,"20":0,"21":0,"22":2,"23":0,"24":0,"25":0,"26":0,"27":0,"28":0,"29":2,"30":0,"31":0,"32":0,"33":0,"34":0,"35":0,"36":0,"37":0,"38":0,"39":0,"40":0,"41":2,"42":2,"43":2,"44":2,"45":1,"46":1,"47":2,"48":2,"49":2,"50":1,"51":4,"52":1,"53":4,"54":2},"f":{"0":0,"1":0,"2":0,"3":0,"4":0,"5":0,"6":0,"7":2,"8":2,"9":2,"10":4,"11":4},"b":{"0":[0,0],"1":[0,0],"2":[0],"3":[0,0],"4":[1],"5":[1,1],"6":[1],"7":[1,1]},"_coverageSchema":"1a1c01bbd47fc00a2c39e90264f33305004495a9","hash":"b791ccd406ae3395b259ebacee28a8d8abfa7e77"}
,"C:\\Users\\felip\\Documents\\Proyectos\\Challenge - NodeJS\\src\\models\\User.js": {"path":"C:\\Users\\felip\\Documents\\Proyectos\\Challenge - NodeJS\\src\\models\\User.js","statementMap":{"0":{"start":{"line":1,"column":18},"end":{"line":1,"column":38}},"1":{"start":{"line":2,"column":15},"end":{"line":2,"column":32}},"2":{"start":{"line":7,"column":23},"end":{"line":7,"column":29}},"3":{"start":{"line":10,"column":8},"end":{"line":20,"column":9}},"4":{"start":{"line":24,"column":20},"end":{"line":34,"column":5}},"5":{"start":{"line":25,"column":8},"end":{"line":25,"column":51}},"6":{"start":{"line":26,"column":24},"end":{"line":31,"column":10}},"7":{"start":{"line":33,"column":8},"end":{"line":33,"column":23}},"8":{"start":{"line":37,"column":29},"end":{"line":48,"column":5}},"9":{"start":{"line":38,"column":8},"end":{"line":46,"column":9}},"10":{"start":{"line":39,"column":31},"end":{"line":41,"column":14}},"11":{"start":{"line":42,"column":12},"end":{"line":42,"column":32}},"12":{"start":{"line":45,"column":12},"end":{"line":45,"column":25}},"13":{"start":{"line":51,"column":26},"end":{"line":90,"column":5}},"14":{"start":{"line":54,"column":12},"end":{"line":54,"column":165}},"15":{"start":{"line":55,"column":25},"end":{"line":55,"column":29}},"16":{"start":{"line":56,"column":29},"end":{"line":56,"column":33}},"17":{"start":{"line":57,"column":28},"end":{"line":57,"column":32}},"18":{"start":{"line":58,"column":20},"end":{"line":58,"column":25}},"19":{"start":{"line":59,"column":32},"end":{"line":59,"column":34}},"20":{"start":{"line":61,"column":8},"end":{"line":64,"column":9}},"21":{"start":{"line":62,"column":12},"end":{"line":62,"column":31}},"22":{"start":{"line":63,"column":12},"end":{"line":63,"column":71}},"23":{"start":{"line":66,"column":8},"end":{"line":69,"column":9}},"24":{"start":{"line":67,"column":12},"end":{"line":67,"column":31}},"25":{"start":{"line":68,"column":12},"end":{"line":68,"column":92}},"26":{"start":{"line":71,"column":8},"end":{"line":76,"column":9}},"27":{"start":{"line":72,"column":12},"end":{"line":75,"column":13}},"28":{"start":{"line":73,"column":16},"end":{"line":73,"column":39}},"29":{"start":{"line":74,"column":16},"end":{"line":74,"column":79}},"30":{"start":{"line":78,"column":8},"end":{"line":83,"column":9}},"31":{"start":{"line":79,"column":12},"end":{"line":82,"column":13}},"32":{"start":{"line":80,"column":16},"end":{"line":80,"column":38}},"33":{"start":{"line":81,"column":16},"end":{"line":81,"column":78}},"34":{"start":{"line":85,"column":8},"end":{"line":87,"column":9}},"35":{"start":{"line":86,"column":12},"end":{"line":86,"column":25}},"36":{"start":{"line":89,"column":8},"end":{"line":89,"column":44}},"37":{"start":{"line":93,"column":0},"end":{"line":93,"column":22}}},"fnMap":{"0":{"name":"(anonymous_0)","decl":{"start":{"line":9,"column":4},"end":{"line":9,"column":5}},"loc":{"start":{"line":9,"column":28},"end":{"line":21,"column":5}},"line":9},"1":{"name":"(anonymous_1)","decl":{"start":{"line":24,"column":20},"end":{"line":24,"column":21}},"loc":{"start":{"line":24,"column":68},"end":{"line":34,"column":5}},"line":24},"2":{"name":"(anonymous_2)","decl":{"start":{"line":37,"column":29},"end":{"line":37,"column":30}},"loc":{"start":{"line":37,"column":50},"end":{"line":48,"column":5}},"line":37},"3":{"name":"(anonymous_3)","decl":{"start":{"line":51,"column":26},"end":{"line":51,"column":27}},"loc":{"start":{"line":51,"column":82},"end":{"line":90,"column":5}},"line":51}},"branchMap":{"0":{"loc":{"start":{"line":51,"column":34},"end":{"line":51,"column":55}},"type":"default-arg","locations":[{"start":{"line":51,"column":46},"end":{"line":51,"column":55}}],"line":51},"1":{"loc":{"start":{"line":51,"column":57},"end":{"line":51,"column":77}},"type":"default-arg","locations":[{"start":{"line":51,"column":68},"end":{"line":51,"column":77}}],"line":51},"2":{"loc":{"start":{"line":61,"column":8},"end":{"line":64,"column":9}},"type":"if","locations":[{"start":{"line":61,"column":8},"end":{"line":64,"column":9}},{"start":{},"end":{}}],"line":61},"3":{"loc":{"start":{"line":66,"column":8},"end":{"line":69,"column":9}},"type":"if","locations":[{"start":{"line":66,"column":8},"end":{"line":69,"column":9}},{"start":{},"end":{}}],"line":66},"4":{"loc":{"start":{"line":71,"column":8},"end":{"line":76,"column":9}},"type":"if","locations":[{"start":{"line":71,"column":8},"end":{"line":76,"column":9}},{"start":{},"end":{}}],"line":71},"5":{"loc":{"start":{"line":72,"column":12},"end":{"line":75,"column":13}},"type":"if","locations":[{"start":{"line":72,"column":12},"end":{"line":75,"column":13}},{"start":{},"end":{}}],"line":72},"6":{"loc":{"start":{"line":78,"column":8},"end":{"line":83,"column":9}},"type":"if","locations":[{"start":{"line":78,"column":8},"end":{"line":83,"column":9}},{"start":{},"end":{}}],"line":78},"7":{"loc":{"start":{"line":79,"column":12},"end":{"line":82,"column":13}},"type":"if","locations":[{"start":{"line":79,"column":12},"end":{"line":82,"column":13}},{"start":{},"end":{}}],"line":79},"8":{"loc":{"start":{"line":85,"column":8},"end":{"line":87,"column":9}},"type":"if","locations":[{"start":{"line":85,"column":8},"end":{"line":87,"column":9}},{"start":{},"end":{}}],"line":85},"9":{"loc":{"start":{"line":85,"column":12},"end":{"line":85,"column":57}},"type":"binary-expr","locations":[{"start":{"line":85,"column":12},"end":{"line":85,"column":22}},{"start":{"line":85,"column":26},"end":{"line":85,"column":40}},{"start":{"line":85,"column":44},"end":{"line":85,"column":57}}],"line":85}},"s":{"0":1,"1":1,"2":1,"3":0,"4":1,"5":0,"6":0,"7":0,"8":1,"9":2,"10":2,"11":0,"12":2,"13":1,"14":2,"15":2,"16":2,"17":2,"18":2,"19":2,"20":2,"21":0,"22":0,"23":2,"24":0,"25":0,"26":2,"27":2,"28":0,"29":0,"30":2,"31":2,"32":1,"33":1,"34":2,"35":1,"36":2,"37":1},"f":{"0":0,"1":0,"2":2,"3":2},"b":{"0":[0],"1":[0],"2":[0,2],"3":[0,2],"4":[2,0],"5":[0,2],"6":[2,0],"7":[1,1],"8":[1,1],"9":[2,2,2]},"_coverageSchema":"1a1c01bbd47fc00a2c39e90264f33305004495a9","hash":"63979574228fb8d473c4100f425c25fcbf933e20"}
}
