TN:
SF:src\models\Movie.js
FN:9,(anonymous_0)
FN:22,(anonymous_1)
FN:27,(anonymous_2)
FN:42,(anonymous_3)
FN:49,(anonymous_4)
FN:61,(anonymous_5)
FN:76,(anonymous_6)
FN:99,(anonymous_7)
FN:101,(anonymous_8)
FN:113,(anonymous_9)
FN:116,(anonymous_10)
FN:118,(anonymous_11)
FNF:12
FNH:5
FNDA:0,(anonymous_0)
FNDA:0,(anonymous_1)
FNDA:0,(anonymous_2)
FNDA:0,(anonymous_3)
FNDA:0,(anonymous_4)
FNDA:0,(anonymous_5)
FNDA:0,(anonymous_6)
FNDA:2,(anonymous_7)
FNDA:2,(anonymous_8)
FNDA:2,(anonymous_9)
FNDA:4,(anonymous_10)
FNDA:4,(anonymous_11)
DA:1,2
DA:2,2
DA:7,2
DA:10,0
DA:23,0
DA:27,2
DA:29,0
DA:30,0
DA:31,0
DA:35,0
DA:37,0
DA:42,2
DA:44,0
DA:46,0
DA:47,0
DA:48,0
DA:49,0
DA:50,0
DA:51,0
DA:54,0
DA:55,0
DA:57,0
DA:61,2
DA:63,0
DA:64,0
DA:65,0
DA:66,0
DA:67,0
DA:70,0
DA:76,2
DA:78,0
DA:79,0
DA:80,0
DA:82,0
DA:85,0
DA:86,0
DA:87,0
DA:88,0
DA:89,0
DA:90,0
DA:93,0
DA:99,2
DA:101,2
DA:102,2
DA:103,2
DA:104,1
DA:106,1
DA:109,2
DA:113,2
DA:115,2
DA:116,4
DA:118,4
DA:124,2
LF:53
LH:19
BRDA:30,0,0,0
BRDA:30,0,1,0
BRDA:48,1,0,0
BRDA:48,1,1,0
BRDA:76,2,0,0
BRDA:79,3,0,0
BRDA:79,3,1,0
BRDA:99,4,0,1
BRDA:103,5,0,1
BRDA:103,5,1,1
BRDA:113,6,0,1
BRDA:115,7,0,1
BRDA:115,7,1,1
BRF:13
BRH:6
end_of_record
TN:
SF:src\models\User.js
FN:9,(anonymous_0)
FN:24,(anonymous_1)
FN:37,(anonymous_2)
FN:51,(anonymous_3)
FNF:4
FNH:2
FNDA:0,(anonymous_0)
FNDA:0,(anonymous_1)
FNDA:2,(anonymous_2)
FNDA:2,(anonymous_3)
DA:1,1
DA:2,1
DA:7,1
DA:10,0
DA:24,1
DA:25,0
DA:26,0
DA:33,0
DA:37,1
DA:38,2
DA:39,2
DA:42,0
DA:45,2
DA:51,1
DA:54,2
DA:55,2
DA:56,2
DA:57,2
DA:58,2
DA:59,2
DA:61,2
DA:62,0
DA:63,0
DA:66,2
DA:67,0
DA:68,0
DA:71,2
DA:72,2
DA:73,0
DA:74,0
DA:78,2
DA:79,2
DA:80,1
DA:81,1
DA:85,2
DA:86,1
DA:89,2
DA:93,1
LF:38
LH:27
BRDA:51,0,0,0
BRDA:51,1,0,0
BRDA:61,2,0,0
BRDA:61,2,1,2
BRDA:66,3,0,0
BRDA:66,3,1,2
BRDA:71,4,0,2
BRDA:71,4,1,0
BRDA:72,5,0,0
BRDA:72,5,1,2
BRDA:78,6,0,2
BRDA:78,6,1,0
BRDA:79,7,0,1
BRDA:79,7,1,1
BRDA:85,8,0,1
BRDA:85,8,1,1
BRDA:85,9,0,2
BRDA:85,9,1,2
BRDA:85,9,2,2
BRF:19
BRH:12
end_of_record
