TN:
SF:src\db\knexfile.js
FNF:0
FNH:0
DA:1,2
LF:1
LH:1
BRF:0
BRH:0
end_of_record
TN:
SF:src\models\Movie.js
FN:9,(anonymous_0)
FN:22,(anonymous_1)
FN:27,(anonymous_2)
FN:42,(anonymous_3)
FN:47,(anonymous_4)
FN:54,(anonymous_5)
FN:66,(anonymous_6)
FN:78,(anonymous_7)
FN:95,(anonymous_8)
FN:97,(anonymous_9)
FN:109,(anonymous_10)
FN:112,(anonymous_11)
FN:114,(anonymous_12)
FNF:13
FNH:7
FNDA:0,(anonymous_0)
FNDA:0,(anonymous_1)
FNDA:2,(anonymous_2)
FNDA:2,(anonymous_3)
FNDA:0,(anonymous_4)
FNDA:0,(anonymous_5)
FNDA:0,(anonymous_6)
FNDA:0,(anonymous_7)
FNDA:2,(anonymous_8)
FNDA:2,(anonymous_9)
FNDA:2,(anonymous_10)
FNDA:4,(anonymous_11)
FNDA:4,(anonymous_12)
DA:1,3
DA:2,3
DA:7,3
DA:10,0
DA:23,0
DA:27,3
DA:29,2
DA:31,0
DA:32,0
DA:36,0
DA:38,0
DA:42,3
DA:43,2
DA:47,3
DA:49,0
DA:51,0
DA:52,0
DA:53,0
DA:54,0
DA:55,0
DA:56,0
DA:59,0
DA:60,0
DA:62,0
DA:66,3
DA:68,0
DA:70,0
DA:71,0
DA:72,0
DA:78,3
DA:80,0
DA:81,0
DA:82,0
DA:84,0
DA:87,0
DA:88,0
DA:89,0
DA:90,0
DA:91,0
DA:95,3
DA:97,2
DA:98,2
DA:99,2
DA:100,1
DA:102,1
DA:105,2
DA:109,3
DA:111,2
DA:112,4
DA:114,4
DA:120,3
LF:51
LH:22
BRDA:31,0,0,0
BRDA:31,0,1,0
BRDA:53,1,0,0
BRDA:53,1,1,0
BRDA:78,2,0,0
BRDA:81,3,0,0
BRDA:81,3,1,0
BRDA:95,4,0,1
BRDA:99,5,0,1
BRDA:99,5,1,1
BRDA:109,6,0,1
BRDA:111,7,0,1
BRDA:111,7,1,1
BRF:13
BRH:6
end_of_record
TN:
SF:src\models\User.js
FN:9,(anonymous_0)
FN:24,(anonymous_1)
FN:37,(anonymous_2)
FN:45,(anonymous_3)
FNF:4
FNH:2
FNDA:0,(anonymous_0)
FNDA:0,(anonymous_1)
FNDA:2,(anonymous_2)
FNDA:2,(anonymous_3)
DA:1,1
DA:2,1
DA:7,1
DA:10,0
DA:24,1
DA:25,0
DA:26,0
DA:33,0
DA:37,1
DA:38,2
DA:41,0
DA:45,1
DA:48,2
DA:49,2
DA:50,2
DA:51,2
DA:52,2
DA:53,2
DA:55,2
DA:56,0
DA:57,0
DA:60,2
DA:61,0
DA:62,0
DA:65,2
DA:66,2
DA:67,0
DA:68,0
DA:72,2
DA:73,2
DA:74,1
DA:75,1
DA:79,2
DA:80,1
DA:83,2
DA:87,1
LF:36
LH:25
BRDA:45,0,0,0
BRDA:45,1,0,0
BRDA:55,2,0,0
BRDA:55,2,1,2
BRDA:60,3,0,0
BRDA:60,3,1,2
BRDA:65,4,0,2
BRDA:65,4,1,0
BRDA:66,5,0,0
BRDA:66,5,1,2
BRDA:72,6,0,2
BRDA:72,6,1,0
BRDA:73,7,0,1
BRDA:73,7,1,1
BRDA:79,8,0,1
BRDA:79,8,1,1
BRDA:79,9,0,2
BRDA:79,9,1,2
BRDA:79,9,2,2
BRF:19
BRH:12
end_of_record
